<?xml version="1.0" encoding="UTF-8"?>
<!-- Generated by org.testng.reporters.JUnitReportReporter -->
<testsuite hostname="uf201402001d" name="com.iluwatar.AppTest" tests="2" failures="0" timestamp="30 Sep 2014 06:44:29 GMT" time="11.166" errors="0">
  <testcase name="createKingdom" time="0.073" classname="com.iluwatar.AppTest"/>
  <testcase name="main" time="11.093" classname="com.iluwatar.AppTest"/>
</testsuite> <!-- com.iluwatar.AppTest -->
